<?xml version="1.0" encoding="UTF-8"?>
<testng-results ignored="0" total="2" passed="2" failed="0" skipped="0">
  <reporter-output>
  </reporter-output>
  <suite started-at="2020-06-09T20:33:51 IST" name="Suite" finished-at="2020-06-09T20:34:06 IST" duration-ms="15172">
    <groups>
    </groups>
    <test started-at="2020-06-09T20:33:51 IST" name="Test" finished-at="2020-06-09T20:34:06 IST" duration-ms="15172">
      <class name="multipletests.dataprovider">
        <test-method signature="browserstart()[pri:0, instance:multipletests.dataprovider@aafcffa]" started-at="2020-06-09T20:33:51 IST" name="browserstart" finished-at="2020-06-09T20:34:01 IST" duration-ms="10078" status="PASS">
          <reporter-output>
          </reporter-output>
        </test-method> <!-- browserstart -->
        <test-method signature="initiallogin()[pri:0, instance:multipletests.dataprovider@aafcffa]" started-at="2020-06-09T20:34:01 IST" name="initiallogin" finished-at="2020-06-09T20:34:02 IST" duration-ms="220" status="PASS">
          <reporter-output>
          </reporter-output>
        </test-method> <!-- initiallogin -->
        <test-method is-config="true" signature="finishtest()[pri:0, instance:multipletests.dataprovider@aafcffa]" started-at="2020-06-09T20:34:02 IST" name="finishtest" finished-at="2020-06-09T20:34:06 IST" duration-ms="4844" status="PASS">
          <reporter-output>
          </reporter-output>
        </test-method> <!-- finishtest -->
      </class> <!-- multipletests.dataprovider -->
    </test> <!-- Test -->
  </suite> <!-- Suite -->
</testng-results>
