<?xml version="1.0" encoding="UTF-8"?>
<testng-results ignored="0" total="2" passed="2" failed="0" skipped="0">
  <reporter-output>
  </reporter-output>
  <suite started-at="2020-06-12T00:36:11 IST" name="Suite" finished-at="2020-06-12T00:36:25 IST" duration-ms="13473">
    <groups>
    </groups>
    <test started-at="2020-06-12T00:36:11 IST" name="Test" finished-at="2020-06-12T00:36:25 IST" duration-ms="13473">
      <class name="multipletests.dataprovider">
        <test-method signature="browserstart()[pri:0, instance:multipletests.dataprovider@2e9fda69]" started-at="2020-06-12T00:36:11 IST" name="browserstart" finished-at="2020-06-12T00:36:21 IST" duration-ms="9910" status="PASS">
          <reporter-output>
          </reporter-output>
        </test-method> <!-- browserstart -->
        <test-method signature="initiallogin()[pri:0, instance:multipletests.dataprovider@2e9fda69]" started-at="2020-06-12T00:36:21 IST" name="initiallogin" finished-at="2020-06-12T00:36:21 IST" duration-ms="216" status="PASS">
          <reporter-output>
          </reporter-output>
        </test-method> <!-- initiallogin -->
        <test-method is-config="true" signature="finishtest()[pri:0, instance:multipletests.dataprovider@2e9fda69]" started-at="2020-06-12T00:36:21 IST" name="finishtest" finished-at="2020-06-12T00:36:25 IST" duration-ms="3279" status="PASS">
          <reporter-output>
          </reporter-output>
        </test-method> <!-- finishtest -->
      </class> <!-- multipletests.dataprovider -->
    </test> <!-- Test -->
  </suite> <!-- Suite -->
</testng-results>
